[${project.name}][${env:SERVER_PORT}] 2020-06-08 01:00:00,125 ERROR [com.alibaba.nacos.naming.beat.sender][HttpClient.java:103] - [NA] failed to request 
java.net.ConnectException: Connection refused: connect
	at java.net.DualStackPlainSocketImpl.waitForConnect(Native Method)
	at java.net.DualStackPlainSocketImpl.socketConnect(DualStackPlainSocketImpl.java:85)
	at java.net.AbstractPlainSocketImpl.doConnect(AbstractPlainSocketImpl.java:350)
	at java.net.AbstractPlainSocketImpl.connectToAddress(AbstractPlainSocketImpl.java:206)
	at java.net.AbstractPlainSocketImpl.connect(AbstractPlainSocketImpl.java:188)
	at java.net.PlainSocketImpl.connect(PlainSocketImpl.java:172)
	at java.net.SocksSocketImpl.connect(SocksSocketImpl.java:392)
	at java.net.Socket.connect(Socket.java:589)
	at sun.net.NetworkClient.doConnect(NetworkClient.java:175)
	at sun.net.www.http.HttpClient.openServer(HttpClient.java:463)
	at sun.net.www.http.HttpClient.openServer(HttpClient.java:558)
	at sun.net.www.http.HttpClient.<init>(HttpClient.java:242)
	at sun.net.www.http.HttpClient.New(HttpClient.java:339)
	at sun.net.www.http.HttpClient.New(HttpClient.java:357)
	at sun.net.www.protocol.http.HttpURLConnection.getNewHttpClient(HttpURLConnection.java:1220)
	at sun.net.www.protocol.http.HttpURLConnection.plainConnect0(HttpURLConnection.java:1156)
	at sun.net.www.protocol.http.HttpURLConnection.plainConnect(HttpURLConnection.java:1050)
	at sun.net.www.protocol.http.HttpURLConnection.connect(HttpURLConnection.java:984)
	at sun.net.www.protocol.http.HttpURLConnection.getOutputStream0(HttpURLConnection.java:1334)
	at sun.net.www.protocol.http.HttpURLConnection.getOutputStream(HttpURLConnection.java:1309)
	at com.alibaba.nacos.client.naming.net.HttpClient.request(HttpClient.java:85)
	at com.alibaba.nacos.client.naming.net.NamingProxy.callServer(NamingProxy.java:410)
	at com.alibaba.nacos.client.naming.net.NamingProxy.reqAPI(NamingProxy.java:451)
	at com.alibaba.nacos.client.naming.net.NamingProxy.reqAPI(NamingProxy.java:386)
	at com.alibaba.nacos.client.naming.net.NamingProxy.sendBeat(NamingProxy.java:309)
	at com.alibaba.nacos.client.naming.beat.BeatReactor$BeatTask.run(BeatReactor.java:92)
	at java.util.concurrent.Executors$RunnableAdapter.call(Executors.java:511)
	at java.util.concurrent.FutureTask.run(FutureTask.java:266)
	at java.util.concurrent.ScheduledThreadPoolExecutor$ScheduledFutureTask.access$201(ScheduledThreadPoolExecutor.java:180)
	at java.util.concurrent.ScheduledThreadPoolExecutor$ScheduledFutureTask.run(ScheduledThreadPoolExecutor.java:293)
	at java.util.concurrent.ThreadPoolExecutor.runWorker(ThreadPoolExecutor.java:1149)
	at java.util.concurrent.ThreadPoolExecutor$Worker.run(ThreadPoolExecutor.java:624)
	at java.lang.Thread.run(Thread.java:748)
[${project.name}][${env:SERVER_PORT}] 2020-06-08 01:00:00,125 ERROR [com.alibaba.nacos.naming.beat.sender][NamingProxy.java:454] - request 127.0.0.1:8848 failed.
ErrCode:500, ErrMsg:failed to req API:127.0.0.1:8848/nacos/v1/ns/instance/beat. code:500 msg: java.net.ConnectException: Connection refused: connect
	at com.alibaba.nacos.client.naming.net.NamingProxy.callServer(NamingProxy.java:424)
	at com.alibaba.nacos.client.naming.net.NamingProxy.reqAPI(NamingProxy.java:451)
	at com.alibaba.nacos.client.naming.net.NamingProxy.reqAPI(NamingProxy.java:386)
	at com.alibaba.nacos.client.naming.net.NamingProxy.sendBeat(NamingProxy.java:309)
	at com.alibaba.nacos.client.naming.beat.BeatReactor$BeatTask.run(BeatReactor.java:92)
	at java.util.concurrent.Executors$RunnableAdapter.call(Executors.java:511)
	at java.util.concurrent.FutureTask.run(FutureTask.java:266)
	at java.util.concurrent.ScheduledThreadPoolExecutor$ScheduledFutureTask.access$201(ScheduledThreadPoolExecutor.java:180)
	at java.util.concurrent.ScheduledThreadPoolExecutor$ScheduledFutureTask.run(ScheduledThreadPoolExecutor.java:293)
	at java.util.concurrent.ThreadPoolExecutor.runWorker(ThreadPoolExecutor.java:1149)
	at java.util.concurrent.ThreadPoolExecutor$Worker.run(ThreadPoolExecutor.java:624)
	at java.lang.Thread.run(Thread.java:748)
[${project.name}][${env:SERVER_PORT}] 2020-06-08 01:00:00,125 ERROR [com.alibaba.nacos.naming.beat.sender][NamingProxy.java:316] - [CLIENT-BEAT] failed to send beat: {"cluster":"DEFAULT","ip":"192.168.223.1","metadata":{"dubbo.metadata-service.urls":"[ \"dubbo://192.168.137.1:20893/com.alibaba.cloud.dubbo.service.DubboMetadataService?anyhost=true&application=transaction-service&bind.ip=192.168.137.1&bind.port=20893&deprecated=false&dubbo=2.0.2&dynamic=true&generic=false&group=transaction-service&interface=com.alibaba.cloud.dubbo.service.DubboMetadataService&methods=getAllServiceKeys,getServiceRestMetadata,getExportedURLs,getAllExportedURLs&pid=10276&qos.enable=false&qos.port=22250&register=true&release=2.7.3&revision=2.1.0.RELEASE&side=provider&timestamp=1591547240225&version=1.0.0\" ]","dubbo.protocols.dubbo.port":"20893","preserved.register.source":"SPRING_CLOUD"},"period":5000,"port":56050,"scheduled":false,"serviceName":"DEFAULT_GROUP@@transaction-service","stopped":false,"weight":1.0}
java.lang.IllegalStateException: failed to req API:/nacos/v1/ns/instance/beat after all servers([127.0.0.1:8848]) tried: failed to req API:127.0.0.1:8848/nacos/v1/ns/instance/beat. code:500 msg: java.net.ConnectException: Connection refused: connect
	at com.alibaba.nacos.client.naming.net.NamingProxy.reqAPI(NamingProxy.java:464)
	at com.alibaba.nacos.client.naming.net.NamingProxy.reqAPI(NamingProxy.java:386)
	at com.alibaba.nacos.client.naming.net.NamingProxy.sendBeat(NamingProxy.java:309)
	at com.alibaba.nacos.client.naming.beat.BeatReactor$BeatTask.run(BeatReactor.java:92)
	at java.util.concurrent.Executors$RunnableAdapter.call(Executors.java:511)
	at java.util.concurrent.FutureTask.run(FutureTask.java:266)
	at java.util.concurrent.ScheduledThreadPoolExecutor$ScheduledFutureTask.access$201(ScheduledThreadPoolExecutor.java:180)
	at java.util.concurrent.ScheduledThreadPoolExecutor$ScheduledFutureTask.run(ScheduledThreadPoolExecutor.java:293)
	at java.util.concurrent.ThreadPoolExecutor.runWorker(ThreadPoolExecutor.java:1149)
	at java.util.concurrent.ThreadPoolExecutor$Worker.run(ThreadPoolExecutor.java:624)
	at java.lang.Thread.run(Thread.java:748)
[${project.name}][${env:SERVER_PORT}] 2020-06-08 01:00:00,134 ERROR [com.alibaba.nacos.naming.beat.sender][HttpClient.java:103] - [NA] failed to request 
java.net.ConnectException: Connection refused: connect
	at java.net.DualStackPlainSocketImpl.waitForConnect(Native Method)
	at java.net.DualStackPlainSocketImpl.socketConnect(DualStackPlainSocketImpl.java:85)
	at java.net.AbstractPlainSocketImpl.doConnect(AbstractPlainSocketImpl.java:350)
	at java.net.AbstractPlainSocketImpl.connectToAddress(AbstractPlainSocketImpl.java:206)
	at java.net.AbstractPlainSocketImpl.connect(AbstractPlainSocketImpl.java:188)
	at java.net.PlainSocketImpl.connect(PlainSocketImpl.java:172)
	at java.net.SocksSocketImpl.connect(SocksSocketImpl.java:392)
	at java.net.Socket.connect(Socket.java:589)
	at sun.net.NetworkClient.doConnect(NetworkClient.java:175)
	at sun.net.www.http.HttpClient.openServer(HttpClient.java:463)
	at sun.net.www.http.HttpClient.openServer(HttpClient.java:558)
	at sun.net.www.http.HttpClient.<init>(HttpClient.java:242)
	at sun.net.www.http.HttpClient.New(HttpClient.java:339)
	at sun.net.www.http.HttpClient.New(HttpClient.java:357)
	at sun.net.www.protocol.http.HttpURLConnection.getNewHttpClient(HttpURLConnection.java:1220)
	at sun.net.www.protocol.http.HttpURLConnection.plainConnect0(HttpURLConnection.java:1156)
	at sun.net.www.protocol.http.HttpURLConnection.plainConnect(HttpURLConnection.java:1050)
	at sun.net.www.protocol.http.HttpURLConnection.connect(HttpURLConnection.java:984)
	at sun.net.www.protocol.http.HttpURLConnection.getOutputStream0(HttpURLConnection.java:1334)
	at sun.net.www.protocol.http.HttpURLConnection.getOutputStream(HttpURLConnection.java:1309)
	at com.alibaba.nacos.client.naming.net.HttpClient.request(HttpClient.java:85)
	at com.alibaba.nacos.client.naming.net.NamingProxy.callServer(NamingProxy.java:410)
	at com.alibaba.nacos.client.naming.net.NamingProxy.reqAPI(NamingProxy.java:451)
	at com.alibaba.nacos.client.naming.net.NamingProxy.reqAPI(NamingProxy.java:386)
	at com.alibaba.nacos.client.naming.net.NamingProxy.sendBeat(NamingProxy.java:309)
	at com.alibaba.nacos.client.naming.beat.BeatReactor$BeatTask.run(BeatReactor.java:92)
	at java.util.concurrent.Executors$RunnableAdapter.call(Executors.java:511)
	at java.util.concurrent.FutureTask.run(FutureTask.java:266)
	at java.util.concurrent.ScheduledThreadPoolExecutor$ScheduledFutureTask.access$201(ScheduledThreadPoolExecutor.java:180)
	at java.util.concurrent.ScheduledThreadPoolExecutor$ScheduledFutureTask.run(ScheduledThreadPoolExecutor.java:293)
	at java.util.concurrent.ThreadPoolExecutor.runWorker(ThreadPoolExecutor.java:1149)
	at java.util.concurrent.ThreadPoolExecutor$Worker.run(ThreadPoolExecutor.java:624)
	at java.lang.Thread.run(Thread.java:748)
[${project.name}][${env:SERVER_PORT}] 2020-06-08 01:00:00,134 ERROR [com.alibaba.nacos.naming.beat.sender][NamingProxy.java:454] - request 127.0.0.1:8848 failed.
ErrCode:500, ErrMsg:failed to req API:127.0.0.1:8848/nacos/v1/ns/instance/beat. code:500 msg: java.net.ConnectException: Connection refused: connect
	at com.alibaba.nacos.client.naming.net.NamingProxy.callServer(NamingProxy.java:424)
	at com.alibaba.nacos.client.naming.net.NamingProxy.reqAPI(NamingProxy.java:451)
	at com.alibaba.nacos.client.naming.net.NamingProxy.reqAPI(NamingProxy.java:386)
	at com.alibaba.nacos.client.naming.net.NamingProxy.sendBeat(NamingProxy.java:309)
	at com.alibaba.nacos.client.naming.beat.BeatReactor$BeatTask.run(BeatReactor.java:92)
	at java.util.concurrent.Executors$RunnableAdapter.call(Executors.java:511)
	at java.util.concurrent.FutureTask.run(FutureTask.java:266)
	at java.util.concurrent.ScheduledThreadPoolExecutor$ScheduledFutureTask.access$201(ScheduledThreadPoolExecutor.java:180)
	at java.util.concurrent.ScheduledThreadPoolExecutor$ScheduledFutureTask.run(ScheduledThreadPoolExecutor.java:293)
	at java.util.concurrent.ThreadPoolExecutor.runWorker(ThreadPoolExecutor.java:1149)
	at java.util.concurrent.ThreadPoolExecutor$Worker.run(ThreadPoolExecutor.java:624)
	at java.lang.Thread.run(Thread.java:748)
[${project.name}][${env:SERVER_PORT}] 2020-06-08 01:00:00,134 ERROR [com.alibaba.nacos.naming.beat.sender][NamingProxy.java:316] - [CLIENT-BEAT] failed to send beat: {"ip":"192.168.137.1","metadata":{"side":"provider","methods":"queryPayChannelParamByAppAndPlatform,queryParamByAppPlatformAndPayChannel,queryPlatformChannel,bindPlatformChannelForApp,createPayChannelParam,queryAppBindPlatformChannel,queryPayChannelByPlatformChannel","release":"2.7.3","deprecated":"false","dubbo":"2.0.2","pid":"10276","interface":"com.shanjupay.transaction.api.PayChannelService","generic":"false","path":"com.shanjupay.transaction.api.PayChannelService","protocol":"dubbo","application":"transaction-service","dynamic":"true","category":"providers","anyhost":"true","bean.name":"ServiceBean:com.shanjupay.transaction.api.PayChannelService","register":"true","timestamp":"1591547238752"},"period":5000,"port":20893,"scheduled":false,"serviceName":"DEFAULT_GROUP@@providers:com.shanjupay.transaction.api.PayChannelService::","stopped":false,"weight":1.0}
java.lang.IllegalStateException: failed to req API:/nacos/v1/ns/instance/beat after all servers([127.0.0.1:8848]) tried: failed to req API:127.0.0.1:8848/nacos/v1/ns/instance/beat. code:500 msg: java.net.ConnectException: Connection refused: connect
	at com.alibaba.nacos.client.naming.net.NamingProxy.reqAPI(NamingProxy.java:464)
	at com.alibaba.nacos.client.naming.net.NamingProxy.reqAPI(NamingProxy.java:386)
	at com.alibaba.nacos.client.naming.net.NamingProxy.sendBeat(NamingProxy.java:309)
	at com.alibaba.nacos.client.naming.beat.BeatReactor$BeatTask.run(BeatReactor.java:92)
	at java.util.concurrent.Executors$RunnableAdapter.call(Executors.java:511)
	at java.util.concurrent.FutureTask.run(FutureTask.java:266)
	at java.util.concurrent.ScheduledThreadPoolExecutor$ScheduledFutureTask.access$201(ScheduledThreadPoolExecutor.java:180)
	at java.util.concurrent.ScheduledThreadPoolExecutor$ScheduledFutureTask.run(ScheduledThreadPoolExecutor.java:293)
	at java.util.concurrent.ThreadPoolExecutor.runWorker(ThreadPoolExecutor.java:1149)
	at java.util.concurrent.ThreadPoolExecutor$Worker.run(ThreadPoolExecutor.java:624)
	at java.lang.Thread.run(Thread.java:748)
[${project.name}][${env:SERVER_PORT}] 2020-06-08 01:00:00,137 ERROR [com.alibaba.nacos.naming.beat.sender][HttpClient.java:103] - [NA] failed to request 
java.net.ConnectException: Connection refused: connect
	at java.net.DualStackPlainSocketImpl.waitForConnect(Native Method)
	at java.net.DualStackPlainSocketImpl.socketConnect(DualStackPlainSocketImpl.java:85)
	at java.net.AbstractPlainSocketImpl.doConnect(AbstractPlainSocketImpl.java:350)
	at java.net.AbstractPlainSocketImpl.connectToAddress(AbstractPlainSocketImpl.java:206)
	at java.net.AbstractPlainSocketImpl.connect(AbstractPlainSocketImpl.java:188)
	at java.net.PlainSocketImpl.connect(PlainSocketImpl.java:172)
	at java.net.SocksSocketImpl.connect(SocksSocketImpl.java:392)
	at java.net.Socket.connect(Socket.java:589)
	at sun.net.NetworkClient.doConnect(NetworkClient.java:175)
	at sun.net.www.http.HttpClient.openServer(HttpClient.java:463)
	at sun.net.www.http.HttpClient.openServer(HttpClient.java:558)
	at sun.net.www.http.HttpClient.<init>(HttpClient.java:242)
	at sun.net.www.http.HttpClient.New(HttpClient.java:339)
	at sun.net.www.http.HttpClient.New(HttpClient.java:357)
	at sun.net.www.protocol.http.HttpURLConnection.getNewHttpClient(HttpURLConnection.java:1220)
	at sun.net.www.protocol.http.HttpURLConnection.plainConnect0(HttpURLConnection.java:1156)
	at sun.net.www.protocol.http.HttpURLConnection.plainConnect(HttpURLConnection.java:1050)
	at sun.net.www.protocol.http.HttpURLConnection.connect(HttpURLConnection.java:984)
	at sun.net.www.protocol.http.HttpURLConnection.getOutputStream0(HttpURLConnection.java:1334)
	at sun.net.www.protocol.http.HttpURLConnection.getOutputStream(HttpURLConnection.java:1309)
	at com.alibaba.nacos.client.naming.net.HttpClient.request(HttpClient.java:85)
	at com.alibaba.nacos.client.naming.net.NamingProxy.callServer(NamingProxy.java:410)
	at com.alibaba.nacos.client.naming.net.NamingProxy.reqAPI(NamingProxy.java:451)
	at com.alibaba.nacos.client.naming.net.NamingProxy.reqAPI(NamingProxy.java:386)
	at com.alibaba.nacos.client.naming.net.NamingProxy.sendBeat(NamingProxy.java:309)
	at com.alibaba.nacos.client.naming.beat.BeatReactor$BeatTask.run(BeatReactor.java:92)
	at java.util.concurrent.Executors$RunnableAdapter.call(Executors.java:511)
	at java.util.concurrent.FutureTask.run(FutureTask.java:266)
	at java.util.concurrent.ScheduledThreadPoolExecutor$ScheduledFutureTask.access$201(ScheduledThreadPoolExecutor.java:180)
	at java.util.concurrent.ScheduledThreadPoolExecutor$ScheduledFutureTask.run(ScheduledThreadPoolExecutor.java:293)
	at java.util.concurrent.ThreadPoolExecutor.runWorker(ThreadPoolExecutor.java:1149)
	at java.util.concurrent.ThreadPoolExecutor$Worker.run(ThreadPoolExecutor.java:624)
	at java.lang.Thread.run(Thread.java:748)
[${project.name}][${env:SERVER_PORT}] 2020-06-08 01:00:00,137 ERROR [com.alibaba.nacos.naming.beat.sender][NamingProxy.java:454] - request 127.0.0.1:8848 failed.
ErrCode:500, ErrMsg:failed to req API:127.0.0.1:8848/nacos/v1/ns/instance/beat. code:500 msg: java.net.ConnectException: Connection refused: connect
	at com.alibaba.nacos.client.naming.net.NamingProxy.callServer(NamingProxy.java:424)
	at com.alibaba.nacos.client.naming.net.NamingProxy.reqAPI(NamingProxy.java:451)
	at com.alibaba.nacos.client.naming.net.NamingProxy.reqAPI(NamingProxy.java:386)
	at com.alibaba.nacos.client.naming.net.NamingProxy.sendBeat(NamingProxy.java:309)
	at com.alibaba.nacos.client.naming.beat.BeatReactor$BeatTask.run(BeatReactor.java:92)
	at java.util.concurrent.Executors$RunnableAdapter.call(Executors.java:511)
	at java.util.concurrent.FutureTask.run(FutureTask.java:266)
	at java.util.concurrent.ScheduledThreadPoolExecutor$ScheduledFutureTask.access$201(ScheduledThreadPoolExecutor.java:180)
	at java.util.concurrent.ScheduledThreadPoolExecutor$ScheduledFutureTask.run(ScheduledThreadPoolExecutor.java:293)
	at java.util.concurrent.ThreadPoolExecutor.runWorker(ThreadPoolExecutor.java:1149)
	at java.util.concurrent.ThreadPoolExecutor$Worker.run(ThreadPoolExecutor.java:624)
	at java.lang.Thread.run(Thread.java:748)
[${project.name}][${env:SERVER_PORT}] 2020-06-08 01:00:00,137 ERROR [com.alibaba.nacos.naming.beat.sender][NamingProxy.java:316] - [CLIENT-BEAT] failed to send beat: {"ip":"192.168.137.1","metadata":{"side":"consumer","lazy":"false","release":"2.7.3","qos.port":"22250","dubbo":"2.0.2","pid":"10276","check":"false","interface":"com.alibaba.cloud.dubbo.service.DubboMetadataService","version":"1.0.0","generic":"true","qos.enable":"false","timeout":"3000","retries":"-1","path":"org.apache.dubbo.rpc.service.GenericService","protocol":"consumer","application":"transaction-service","sticky":"false","category":"consumers","group":"merchant-application","timestamp":"1591547234085"},"period":5000,"port":0,"scheduled":false,"serviceName":"DEFAULT_GROUP@@consumers:com.alibaba.cloud.dubbo.service.DubboMetadataService:1.0.0:merchant-application","stopped":false,"weight":1.0}
java.lang.IllegalStateException: failed to req API:/nacos/v1/ns/instance/beat after all servers([127.0.0.1:8848]) tried: failed to req API:127.0.0.1:8848/nacos/v1/ns/instance/beat. code:500 msg: java.net.ConnectException: Connection refused: connect
	at com.alibaba.nacos.client.naming.net.NamingProxy.reqAPI(NamingProxy.java:464)
	at com.alibaba.nacos.client.naming.net.NamingProxy.reqAPI(NamingProxy.java:386)
	at com.alibaba.nacos.client.naming.net.NamingProxy.sendBeat(NamingProxy.java:309)
	at com.alibaba.nacos.client.naming.beat.BeatReactor$BeatTask.run(BeatReactor.java:92)
	at java.util.concurrent.Executors$RunnableAdapter.call(Executors.java:511)
	at java.util.concurrent.FutureTask.run(FutureTask.java:266)
	at java.util.concurrent.ScheduledThreadPoolExecutor$ScheduledFutureTask.access$201(ScheduledThreadPoolExecutor.java:180)
	at java.util.concurrent.ScheduledThreadPoolExecutor$ScheduledFutureTask.run(ScheduledThreadPoolExecutor.java:293)
	at java.util.concurrent.ThreadPoolExecutor.runWorker(ThreadPoolExecutor.java:1149)
	at java.util.concurrent.ThreadPoolExecutor$Worker.run(ThreadPoolExecutor.java:624)
	at java.lang.Thread.run(Thread.java:748)
[${project.name}][${env:SERVER_PORT}] 2020-06-08 01:00:00,218 ERROR [com.alibaba.nacos.naming.beat.sender][HttpClient.java:103] - [NA] failed to request 
java.net.ConnectException: Connection refused: connect
	at java.net.DualStackPlainSocketImpl.waitForConnect(Native Method)
	at java.net.DualStackPlainSocketImpl.socketConnect(DualStackPlainSocketImpl.java:85)
	at java.net.AbstractPlainSocketImpl.doConnect(AbstractPlainSocketImpl.java:350)
	at java.net.AbstractPlainSocketImpl.connectToAddress(AbstractPlainSocketImpl.java:206)
	at java.net.AbstractPlainSocketImpl.connect(AbstractPlainSocketImpl.java:188)
	at java.net.PlainSocketImpl.connect(PlainSocketImpl.java:172)
	at java.net.SocksSocketImpl.connect(SocksSocketImpl.java:392)
	at java.net.Socket.connect(Socket.java:589)
	at sun.net.NetworkClient.doConnect(NetworkClient.java:175)
	at sun.net.www.http.HttpClient.openServer(HttpClient.java:463)
	at sun.net.www.http.HttpClient.openServer(HttpClient.java:558)
	at sun.net.www.http.HttpClient.<init>(HttpClient.java:242)
	at sun.net.www.http.HttpClient.New(HttpClient.java:339)
	at sun.net.www.http.HttpClient.New(HttpClient.java:357)
	at sun.net.www.protocol.http.HttpURLConnection.getNewHttpClient(HttpURLConnection.java:1220)
	at sun.net.www.protocol.http.HttpURLConnection.plainConnect0(HttpURLConnection.java:1156)
	at sun.net.www.protocol.http.HttpURLConnection.plainConnect(HttpURLConnection.java:1050)
	at sun.net.www.protocol.http.HttpURLConnection.connect(HttpURLConnection.java:984)
	at sun.net.www.protocol.http.HttpURLConnection.getOutputStream0(HttpURLConnection.java:1334)
	at sun.net.www.protocol.http.HttpURLConnection.getOutputStream(HttpURLConnection.java:1309)
	at com.alibaba.nacos.client.naming.net.HttpClient.request(HttpClient.java:85)
	at com.alibaba.nacos.client.naming.net.NamingProxy.callServer(NamingProxy.java:410)
	at com.alibaba.nacos.client.naming.net.NamingProxy.reqAPI(NamingProxy.java:451)
	at com.alibaba.nacos.client.naming.net.NamingProxy.reqAPI(NamingProxy.java:386)
	at com.alibaba.nacos.client.naming.net.NamingProxy.sendBeat(NamingProxy.java:309)
	at com.alibaba.nacos.client.naming.beat.BeatReactor$BeatTask.run(BeatReactor.java:92)
	at java.util.concurrent.Executors$RunnableAdapter.call(Executors.java:511)
	at java.util.concurrent.FutureTask.run(FutureTask.java:266)
	at java.util.concurrent.ScheduledThreadPoolExecutor$ScheduledFutureTask.access$201(ScheduledThreadPoolExecutor.java:180)
	at java.util.concurrent.ScheduledThreadPoolExecutor$ScheduledFutureTask.run(ScheduledThreadPoolExecutor.java:293)
	at java.util.concurrent.ThreadPoolExecutor.runWorker(ThreadPoolExecutor.java:1149)
	at java.util.concurrent.ThreadPoolExecutor$Worker.run(ThreadPoolExecutor.java:624)
	at java.lang.Thread.run(Thread.java:748)
[${project.name}][${env:SERVER_PORT}] 2020-06-08 01:00:00,218 ERROR [com.alibaba.nacos.naming.beat.sender][NamingProxy.java:454] - request 127.0.0.1:8848 failed.
ErrCode:500, ErrMsg:failed to req API:127.0.0.1:8848/nacos/v1/ns/instance/beat. code:500 msg: java.net.ConnectException: Connection refused: connect
	at com.alibaba.nacos.client.naming.net.NamingProxy.callServer(NamingProxy.java:424)
	at com.alibaba.nacos.client.naming.net.NamingProxy.reqAPI(NamingProxy.java:451)
	at com.alibaba.nacos.client.naming.net.NamingProxy.reqAPI(NamingProxy.java:386)
	at com.alibaba.nacos.client.naming.net.NamingProxy.sendBeat(NamingProxy.java:309)
	at com.alibaba.nacos.client.naming.beat.BeatReactor$BeatTask.run(BeatReactor.java:92)
	at java.util.concurrent.Executors$RunnableAdapter.call(Executors.java:511)
	at java.util.concurrent.FutureTask.run(FutureTask.java:266)
	at java.util.concurrent.ScheduledThreadPoolExecutor$ScheduledFutureTask.access$201(ScheduledThreadPoolExecutor.java:180)
	at java.util.concurrent.ScheduledThreadPoolExecutor$ScheduledFutureTask.run(ScheduledThreadPoolExecutor.java:293)
	at java.util.concurrent.ThreadPoolExecutor.runWorker(ThreadPoolExecutor.java:1149)
	at java.util.concurrent.ThreadPoolExecutor$Worker.run(ThreadPoolExecutor.java:624)
	at java.lang.Thread.run(Thread.java:748)
[${project.name}][${env:SERVER_PORT}] 2020-06-08 01:00:00,218 ERROR [com.alibaba.nacos.naming.beat.sender][NamingProxy.java:316] - [CLIENT-BEAT] failed to send beat: {"ip":"192.168.137.1","metadata":{"side":"provider","methods":"getAllServiceKeys,getServiceRestMetadata,getExportedURLs,getAllExportedURLs","release":"2.7.3","deprecated":"false","dubbo":"2.0.2","pid":"10276","interface":"com.alibaba.cloud.dubbo.service.DubboMetadataService","version":"1.0.0","generic":"false","revision":"2.1.0.RELEASE","path":"com.alibaba.cloud.dubbo.service.DubboMetadataService","protocol":"dubbo","application":"transaction-service","dynamic":"true","category":"providers","anyhost":"true","group":"transaction-service","register":"true","timestamp":"1591547240225"},"period":5000,"port":20893,"scheduled":false,"serviceName":"DEFAULT_GROUP@@providers:com.alibaba.cloud.dubbo.service.DubboMetadataService:1.0.0:transaction-service","stopped":false,"weight":1.0}
java.lang.IllegalStateException: failed to req API:/nacos/v1/ns/instance/beat after all servers([127.0.0.1:8848]) tried: failed to req API:127.0.0.1:8848/nacos/v1/ns/instance/beat. code:500 msg: java.net.ConnectException: Connection refused: connect
	at com.alibaba.nacos.client.naming.net.NamingProxy.reqAPI(NamingProxy.java:464)
	at com.alibaba.nacos.client.naming.net.NamingProxy.reqAPI(NamingProxy.java:386)
	at com.alibaba.nacos.client.naming.net.NamingProxy.sendBeat(NamingProxy.java:309)
	at com.alibaba.nacos.client.naming.beat.BeatReactor$BeatTask.run(BeatReactor.java:92)
	at java.util.concurrent.Executors$RunnableAdapter.call(Executors.java:511)
	at java.util.concurrent.FutureTask.run(FutureTask.java:266)
	at java.util.concurrent.ScheduledThreadPoolExecutor$ScheduledFutureTask.access$201(ScheduledThreadPoolExecutor.java:180)
	at java.util.concurrent.ScheduledThreadPoolExecutor$ScheduledFutureTask.run(ScheduledThreadPoolExecutor.java:293)
	at java.util.concurrent.ThreadPoolExecutor.runWorker(ThreadPoolExecutor.java:1149)
	at java.util.concurrent.ThreadPoolExecutor$Worker.run(ThreadPoolExecutor.java:624)
	at java.lang.Thread.run(Thread.java:748)
[${project.name}][${env:SERVER_PORT}] 2020-06-08 01:00:00,983 ERROR [com.alibaba.nacos.client.Worker.longPolling.fixed-127.0.0.1_8848-fdc2fc97-5053-436f-a252-7569ebd2ca08][ServerHttpAgent.java:149] - [NACOS ConnectException httpPost] currentServerAddr: http://127.0.0.1:8848, err : Connection refused: connect
[${project.name}][${env:SERVER_PORT}] 2020-06-08 01:00:00,983 ERROR [com.alibaba.nacos.client.Worker.longPolling.fixed-127.0.0.1_8848-fdc2fc97-5053-436f-a252-7569ebd2ca08][ClientWorker.java:389] - [fixed-127.0.0.1_8848-fdc2fc97-5053-436f-a252-7569ebd2ca08] [check-update] get changed dataId exception
java.net.ConnectException: [NACOS HTTP-POST] The maximum number of tolerable server reconnection errors has been reached
	at com.alibaba.nacos.client.config.http.ServerHttpAgent.httpPost(ServerHttpAgent.java:162)
	at com.alibaba.nacos.client.config.http.MetricsHttpAgent.httpPost(MetricsHttpAgent.java:64)
	at com.alibaba.nacos.client.config.impl.ClientWorker.checkUpdateConfigStr(ClientWorker.java:377)
	at com.alibaba.nacos.client.config.impl.ClientWorker.checkUpdateDataIds(ClientWorker.java:352)
	at com.alibaba.nacos.client.config.impl.ClientWorker$LongPollingRunnable.run(ClientWorker.java:512)
	at java.util.concurrent.Executors$RunnableAdapter.call(Executors.java:511)
	at java.util.concurrent.FutureTask.run(FutureTask.java:266)
	at java.util.concurrent.ScheduledThreadPoolExecutor$ScheduledFutureTask.access$201(ScheduledThreadPoolExecutor.java:180)
	at java.util.concurrent.ScheduledThreadPoolExecutor$ScheduledFutureTask.run(ScheduledThreadPoolExecutor.java:293)
	at java.util.concurrent.ThreadPoolExecutor.runWorker(ThreadPoolExecutor.java:1149)
	at java.util.concurrent.ThreadPoolExecutor$Worker.run(ThreadPoolExecutor.java:624)
	at java.lang.Thread.run(Thread.java:748)
[${project.name}][${env:SERVER_PORT}] 2020-06-08 01:00:00,983 ERROR [com.alibaba.nacos.client.Worker.longPolling.fixed-127.0.0.1_8848-fdc2fc97-5053-436f-a252-7569ebd2ca08][ClientWorker.java:550] - longPolling error : 
java.net.ConnectException: [NACOS HTTP-POST] The maximum number of tolerable server reconnection errors has been reached
	at com.alibaba.nacos.client.config.http.ServerHttpAgent.httpPost(ServerHttpAgent.java:162)
	at com.alibaba.nacos.client.config.http.MetricsHttpAgent.httpPost(MetricsHttpAgent.java:64)
	at com.alibaba.nacos.client.config.impl.ClientWorker.checkUpdateConfigStr(ClientWorker.java:377)
	at com.alibaba.nacos.client.config.impl.ClientWorker.checkUpdateDataIds(ClientWorker.java:352)
	at com.alibaba.nacos.client.config.impl.ClientWorker$LongPollingRunnable.run(ClientWorker.java:512)
	at java.util.concurrent.Executors$RunnableAdapter.call(Executors.java:511)
	at java.util.concurrent.FutureTask.run(FutureTask.java:266)
	at java.util.concurrent.ScheduledThreadPoolExecutor$ScheduledFutureTask.access$201(ScheduledThreadPoolExecutor.java:180)
	at java.util.concurrent.ScheduledThreadPoolExecutor$ScheduledFutureTask.run(ScheduledThreadPoolExecutor.java:293)
	at java.util.concurrent.ThreadPoolExecutor.runWorker(ThreadPoolExecutor.java:1149)
	at java.util.concurrent.ThreadPoolExecutor$Worker.run(ThreadPoolExecutor.java:624)
	at java.lang.Thread.run(Thread.java:748)
